<?xml version="1.0" encoding="UTF-8"?>
<robot generator="Robot 7.4.1 (Python 3.13.2 on darwin)" generated="2026-01-01T13:42:44.897198" rpa="false" schemaversion="5">
<suite id="s1" name="Valid Login With Out Fname Lname" source="/Users/ginny/Documents/soft_en/TestAutomationLab/valid_login_with_out_fname_lname.robot">
<test id="s1-t1" name="Valid Register" line="6">
<kw name="Open Browser To Register Page" owner="resource">
<kw name="Open Browser" owner="SeleniumLibrary">
<msg time="2026-01-01T13:42:45.052882" level="INFO">Opening browser 'Chrome' to base url 'http://localhost:7272/lab4/Registration.html'.</msg>
<arg>${REGISTER URL}</arg>
<arg>${BROWSER}</arg>
<doc>Opens a new browser instance to the optional ``url``.</doc>
<status status="PASS" start="2026-01-01T13:42:45.052677" elapsed="2.031031"/>
</kw>
<kw name="Maximize Browser Window" owner="SeleniumLibrary">
<doc>Maximizes current browser window.</doc>
<status status="PASS" start="2026-01-01T13:42:47.084537" elapsed="0.312859"/>
</kw>
<kw name="Wait Until Keyword Succeeds" owner="BuiltIn">
<kw name="Title Should Be" owner="SeleniumLibrary">
<msg time="2026-01-01T13:42:47.430455" level="INFO">Page title is 'Registration'.</msg>
<arg>Registration</arg>
<doc>Verifies that the current page title equals ``title``.</doc>
<status status="PASS" start="2026-01-01T13:42:47.398629" elapsed="0.031908"/>
</kw>
<arg>5s</arg>
<arg>1s</arg>
<arg>Title Should Be</arg>
<arg>Registration</arg>
<doc>Runs the specified keyword and retries if it fails.</doc>
<status status="PASS" start="2026-01-01T13:42:47.397745" elapsed="0.032857"/>
</kw>
<status status="PASS" start="2026-01-01T13:42:45.052092" elapsed="2.378599"/>
</kw>
<kw name="Wait Until Element Is Visible" owner="SeleniumLibrary">
<arg>id=firstname</arg>
<arg>5s</arg>
<doc>Waits until the element ``locator`` is visible.</doc>
<status status="PASS" start="2026-01-01T13:42:47.430894" elapsed="0.025058"/>
</kw>
<kw name="Input Organization" owner="resource">
<kw name="Input Text" owner="SeleniumLibrary">
<msg time="2026-01-01T13:42:47.456750" level="INFO">Typing text 'CS KKU' into text field 'id=organization'.</msg>
<arg>id=organization</arg>
<arg>${organization}</arg>
<doc>Types the given ``text`` into the text field identified by ``locator``.</doc>
<status status="PASS" start="2026-01-01T13:42:47.456565" elapsed="0.166565"/>
</kw>
<arg>CS KKU</arg>
<status status="PASS" start="2026-01-01T13:42:47.456276" elapsed="0.166958"/>
</kw>
<kw name="Input Email" owner="resource">
<kw name="Input Text" owner="SeleniumLibrary">
<msg time="2026-01-01T13:42:47.623817" level="INFO">Typing text 'somsri@kkumail.com' into text field 'id=email'.</msg>
<arg>id=email</arg>
<arg>${email}</arg>
<doc>Types the given ``text`` into the text field identified by ``locator``.</doc>
<status status="PASS" start="2026-01-01T13:42:47.623657" elapsed="0.059960"/>
</kw>
<arg>somsri@kkumail.com</arg>
<status status="PASS" start="2026-01-01T13:42:47.623436" elapsed="0.060281"/>
</kw>
<kw name="Input Phone" owner="resource">
<kw name="Input Text" owner="SeleniumLibrary">
<msg time="2026-01-01T13:42:47.684274" level="INFO">Typing text '081-001-1234' into text field 'id=phone'.</msg>
<arg>id=phone</arg>
<arg>${phone}</arg>
<doc>Types the given ``text`` into the text field identified by ``locator``.</doc>
<status status="PASS" start="2026-01-01T13:42:47.684119" elapsed="0.048322"/>
</kw>
<arg>081-001-1234</arg>
<status status="PASS" start="2026-01-01T13:42:47.683897" elapsed="0.048636"/>
</kw>
<kw name="Submit Register" owner="resource">
<kw name="Click Button" owner="SeleniumLibrary">
<msg time="2026-01-01T13:42:47.733099" level="INFO">Clicking button 'id=registerButton'.</msg>
<arg>id=registerButton</arg>
<doc>Clicks the button identified by ``locator``.</doc>
<status status="PASS" start="2026-01-01T13:42:47.732947" elapsed="0.074077"/>
</kw>
<status status="PASS" start="2026-01-01T13:42:47.732725" elapsed="0.074391"/>
</kw>
<kw name="Wait Until Keyword Succeeds" owner="BuiltIn">
<kw name="Title Should Be" owner="SeleniumLibrary">
<msg time="2026-01-01T13:42:47.933847" level="INFO" html="true">&lt;/td&gt;&lt;/tr&gt;&lt;tr&gt;&lt;td colspan="3"&gt;&lt;a href="selenium-screenshot-6.png"&gt;&lt;img src="selenium-screenshot-6.png" width="800px"&gt;&lt;/a&gt;</msg>
<msg time="2026-01-01T13:42:47.934033" level="FAIL">Title should have been 'Success' but was 'Registration'.</msg>
<arg>Success</arg>
<doc>Verifies that the current page title equals ``title``.</doc>
<status status="FAIL" start="2026-01-01T13:42:47.807629" elapsed="0.129093">Title should have been 'Success' but was 'Registration'.</status>
</kw>
<kw name="Title Should Be" owner="SeleniumLibrary">
<msg time="2026-01-01T13:42:49.048486" level="INFO" html="true">&lt;/td&gt;&lt;/tr&gt;&lt;tr&gt;&lt;td colspan="3"&gt;&lt;a href="selenium-screenshot-7.png"&gt;&lt;img src="selenium-screenshot-7.png" width="800px"&gt;&lt;/a&gt;</msg>
<msg time="2026-01-01T13:42:49.048606" level="FAIL">Title should have been 'Success' but was 'Registration'.</msg>
<arg>Success</arg>
<doc>Verifies that the current page title equals ``title``.</doc>
<status status="FAIL" start="2026-01-01T13:42:48.937467" elapsed="0.111605">Title should have been 'Success' but was 'Registration'.</status>
</kw>
<kw name="Title Should Be" owner="SeleniumLibrary">
<msg time="2026-01-01T13:42:50.169853" level="INFO" html="true">&lt;/td&gt;&lt;/tr&gt;&lt;tr&gt;&lt;td colspan="3"&gt;&lt;a href="selenium-screenshot-8.png"&gt;&lt;img src="selenium-screenshot-8.png" width="800px"&gt;&lt;/a&gt;</msg>
<msg time="2026-01-01T13:42:50.169976" level="FAIL">Title should have been 'Success' but was 'Registration'.</msg>
<arg>Success</arg>
<doc>Verifies that the current page title equals ``title``.</doc>
<status status="FAIL" start="2026-01-01T13:42:50.052099" elapsed="0.118318">Title should have been 'Success' but was 'Registration'.</status>
</kw>
<kw name="Title Should Be" owner="SeleniumLibrary">
<msg time="2026-01-01T13:42:51.313582" level="INFO" html="true">&lt;/td&gt;&lt;/tr&gt;&lt;tr&gt;&lt;td colspan="3"&gt;&lt;a href="selenium-screenshot-9.png"&gt;&lt;img src="selenium-screenshot-9.png" width="800px"&gt;&lt;/a&gt;</msg>
<msg time="2026-01-01T13:42:51.313704" level="FAIL">Title should have been 'Success' but was 'Registration'.</msg>
<arg>Success</arg>
<doc>Verifies that the current page title equals ``title``.</doc>
<status status="FAIL" start="2026-01-01T13:42:51.173184" elapsed="0.141022">Title should have been 'Success' but was 'Registration'.</status>
</kw>
<kw name="Title Should Be" owner="SeleniumLibrary">
<msg time="2026-01-01T13:42:52.449552" level="INFO" html="true">&lt;/td&gt;&lt;/tr&gt;&lt;tr&gt;&lt;td colspan="3"&gt;&lt;a href="selenium-screenshot-10.png"&gt;&lt;img src="selenium-screenshot-10.png" width="800px"&gt;&lt;/a&gt;</msg>
<msg time="2026-01-01T13:42:52.449679" level="FAIL">Title should have been 'Success' but was 'Registration'.</msg>
<arg>Success</arg>
<doc>Verifies that the current page title equals ``title``.</doc>
<status status="FAIL" start="2026-01-01T13:42:52.316245" elapsed="0.133882">Title should have been 'Success' but was 'Registration'.</status>
</kw>
<kw name="Title Should Be" owner="SeleniumLibrary">
<msg time="2026-01-01T13:42:53.563929" level="INFO" html="true">&lt;/td&gt;&lt;/tr&gt;&lt;tr&gt;&lt;td colspan="3"&gt;&lt;a href="selenium-screenshot-11.png"&gt;&lt;img src="selenium-screenshot-11.png" width="800px"&gt;&lt;/a&gt;</msg>
<msg time="2026-01-01T13:42:53.564049" level="FAIL">Title should have been 'Success' but was 'Registration'.</msg>
<arg>Success</arg>
<doc>Verifies that the current page title equals ``title``.</doc>
<status status="FAIL" start="2026-01-01T13:42:53.451624" elapsed="0.112874">Title should have been 'Success' but was 'Registration'.</status>
</kw>
<msg time="2026-01-01T13:42:53.564600" level="FAIL">Keyword 'Title Should Be' failed after retrying for 5 seconds. The last error was: Title should have been 'Success' but was 'Registration'.</msg>
<arg>5s</arg>
<arg>1s</arg>
<arg>Title Should Be</arg>
<arg>Success</arg>
<doc>Runs the specified keyword and retries if it fails.</doc>
<status status="FAIL" start="2026-01-01T13:42:47.807269" elapsed="5.757690">Keyword 'Title Should Be' failed after retrying for 5 seconds. The last error was: Title should have been 'Success' but was 'Registration'.</status>
</kw>
<kw name="Element Text Should Be" owner="SeleniumLibrary">
<arg>xpath=//h1</arg>
<arg>Thank you for registering with us.</arg>
<doc>Verifies that element ``locator`` contains exact the text ``expected``.</doc>
<status status="NOT RUN" start="2026-01-01T13:42:53.565181" elapsed="0.000030"/>
</kw>
<kw name="Element Text Should Be" owner="SeleniumLibrary">
<arg>xpath=//h2</arg>
<arg>We will send a confirmation to your email soon.</arg>
<doc>Verifies that element ``locator`` contains exact the text ``expected``.</doc>
<status status="NOT RUN" start="2026-01-01T13:42:53.565310" elapsed="0.000021"/>
</kw>
<kw name="Capture Page Screenshot" owner="SeleniumLibrary">
<doc>Takes a screenshot of the current page and embeds it into a log file.</doc>
<status status="NOT RUN" start="2026-01-01T13:42:53.565448" elapsed="0.000017"/>
</kw>
<kw name="Close Browser" owner="resource" type="TEARDOWN">
<kw name="Close All Browsers" owner="SeleniumLibrary">
<doc>Closes all open browsers and resets the browser cache.</doc>
<status status="PASS" start="2026-01-01T13:42:53.565904" elapsed="0.081293"/>
</kw>
<status status="PASS" start="2026-01-01T13:42:53.565725" elapsed="0.081573"/>
</kw>
<status status="FAIL" start="2026-01-01T13:42:45.051588" elapsed="8.595795">Keyword 'Title Should Be' failed after retrying for 5 seconds. The last error was: Title should have been 'Success' but was 'Registration'.</status>
</test>
<doc>Valid register test</doc>
<status status="FAIL" start="2026-01-01T13:42:44.898668" elapsed="8.749149"/>
</suite>
<statistics>
<total>
<stat pass="0" fail="1" skip="0">All Tests</stat>
</total>
<tag>
</tag>
<suite>
<stat name="Valid Login With Out Fname Lname" id="s1" pass="0" fail="1" skip="0">Valid Login With Out Fname Lname</stat>
</suite>
</statistics>
<errors>
</errors>
</robot>
